2017-03-07 13:37:32,888 Store.py[line:46] Thread-104 ERROR Error occured!!!
Traceback (most recent call last):
  File "D:\pyworkspace\TcpServer\Store.py", line 32, in run
    dataList = parser.parseAlarmEvent(message)
  File "D:\pyworkspace\TcpServer\MsgParserBox.py", line 19, in parseAlarmEvent
    dom = parseString(xmlcontent)
  File "C:\Python27\lib\xml\dom\minidom.py", line 1928, in parseString
    return expatbuilder.parseString(string)
  File "C:\Python27\lib\xml\dom\expatbuilder.py", line 940, in parseString
    return builder.parseString(string)
  File "C:\Python27\lib\xml\dom\expatbuilder.py", line 223, in parseString
    parser.Parse(string, True)
ExpatError: syntax error: line 1, column 0
2017-03-07 13:38:46,575 Store.py[line:46] Thread-104 ERROR Error occured!!!
Traceback (most recent call last):
  File "D:\pyworkspace\TcpServer\Store.py", line 32, in run
    dataList = parser.parseAlarmEvent(message)
  File "D:\pyworkspace\TcpServer\MsgParserBox.py", line 19, in parseAlarmEvent
    dom = parseString(xmlcontent)
  File "C:\Python27\lib\xml\dom\minidom.py", line 1928, in parseString
    return expatbuilder.parseString(string)
  File "C:\Python27\lib\xml\dom\expatbuilder.py", line 940, in parseString
    return builder.parseString(string)
  File "C:\Python27\lib\xml\dom\expatbuilder.py", line 223, in parseString
    parser.Parse(string, True)
ExpatError: syntax error: line 1, column 0
2017-03-07 14:25:29,630 Store.py[line:46] Thread-104 ERROR Error occured!!!
Traceback (most recent call last):
  File "D:\pyworkspace\TcpServer\Store.py", line 32, in run
    dataList = parser.parseAlarmEvent(message)
  File "D:\pyworkspace\TcpServer\MsgParserBox.py", line 19, in parseAlarmEvent
    dom = parseString(xmlcontent)
  File "C:\Python27\lib\xml\dom\minidom.py", line 1928, in parseString
    return expatbuilder.parseString(string)
  File "C:\Python27\lib\xml\dom\expatbuilder.py", line 940, in parseString
    return builder.parseString(string)
  File "C:\Python27\lib\xml\dom\expatbuilder.py", line 223, in parseString
    parser.Parse(string, True)
ExpatError: syntax error: line 1, column 0
