2017-03-01 10:54:31,872 - GlobalParams - INFO - Start Initlizing Process Thread.

2017-03-01 10:54:31,874 - LogicCoreModule - INFO - Event Thread-6 Start Running

2017-03-01 10:54:31,875 - LogicCoreModule - INFO - Event Thread-7 Start Running

2017-03-01 10:54:31,877 - LogicCoreModule - INFO - Event Thread-8 Start Running

2017-03-01 10:54:31,878 - LogicCoreModule - INFO - Notice Thread-9 Start Running

2017-03-01 10:54:31,880 - GlobalParams - INFO - Finish Initlizing Process Thread.

2017-03-01 10:54:31,880 - LogicCoreModule - INFO - Notice Thread-10 Start Running

2017-03-01 10:54:33,617 - Reactor - INFO - Reactor has started.

2017-03-01 10:54:48,582 - TCPServerPack - INFO - Client 10.25.1.38:3824 connected.

2017-03-01 10:54:56,170 - LogicCoreModule - ERROR - This is not a well formed xml.
Traceback (most recent call last):
  File "D:/pyworkspace/TcpServer\LogicCoreModule.py", line 55, in parseXml
    xmlfile = minidom.parseString(data)
  File "C:\Python27\lib\xml\dom\minidom.py", line 1928, in parseString
    return expatbuilder.parseString(string)
  File "C:\Python27\lib\xml\dom\expatbuilder.py", line 940, in parseString
    return builder.parseString(string)
  File "C:\Python27\lib\xml\dom\expatbuilder.py", line 223, in parseString
    parser.Parse(string, True)
ExpatError: not well-formed (invalid token): line 1, column 0
2017-03-01 10:54:56,176 - LogicCoreModule - ERROR - Error Type Number!! Please Check Interface Book!!!

2017-03-01 10:58:02,302 - GlobalParams - INFO - Start Initlizing Process Thread.

2017-03-01 10:58:02,303 - LogicCoreModule - INFO - Event Thread-1 Start Running

2017-03-01 10:58:02,305 - LogicCoreModule - INFO - Event Thread-2 Start Running

2017-03-01 10:58:02,305 - LogicCoreModule - INFO - Event Thread-3 Start Running

2017-03-01 10:58:02,305 - LogicCoreModule - INFO - Notice Thread-4 Start Running

2017-03-01 10:58:02,306 - LogicCoreModule - INFO - Notice Thread-5 Start Running

2017-03-01 10:58:02,306 - GlobalParams - INFO - Finish Initlizing Process Thread.

2017-03-01 10:58:02,315 - Reactor - INFO - Reactor has started.

2017-03-01 10:58:11,289 - TCPServerPack - INFO - Client 10.25.1.38:3874 connected.

2017-03-01 10:58:18,540 - LogicCoreModule - INFO - admin process a message and write: 经视频核实为报警，需现场处置

2017-03-01 10:59:29,558 - GlobalParams - INFO - Start Initlizing Process Thread.

2017-03-01 10:59:29,558 - LogicCoreModule - INFO - Event Thread-1 Start Running

2017-03-01 10:59:29,559 - LogicCoreModule - INFO - Event Thread-2 Start Running

2017-03-01 10:59:29,559 - LogicCoreModule - INFO - Event Thread-3 Start Running

2017-03-01 10:59:29,559 - LogicCoreModule - INFO - Notice Thread-4 Start Running

2017-03-01 10:59:29,561 - GlobalParams - INFO - Finish Initlizing Process Thread.

2017-03-01 10:59:29,561 - LogicCoreModule - INFO - Notice Thread-5 Start Running

2017-03-01 10:59:29,565 - Reactor - INFO - Reactor has started.

2017-03-01 10:59:48,461 - TCPServerPack - INFO - Client 10.25.1.38:3906 connected.

2017-03-01 11:15:19,859 - HTTPServer - INFO - Received post request from host: 10.25.1.39.

2017-03-01 11:15:20,375 - Store - INFO - Message has been inserted into db successfully, id: 178

2017-03-01 11:15:20,378 - LogicCoreModule - INFO - Send the message to client Already.

2017-03-01 11:15:30,276 - LogicCoreModule - INFO - admin process a message and write: 经视频核实无异常，为正常操作

2017-03-01 11:16:30,303 - TCPServerPack - INFO - Client 10.25.1.38:3906 disconnected.

2017-03-01 11:16:34,591 - TCPServerPack - INFO - Client 10.25.1.38:4185 connected.

2017-03-01 11:17:15,720 - HTTPServer - INFO - Received post request from host: 10.25.1.39.

2017-03-01 11:17:16,269 - Store - INFO - Message has been inserted into db successfully, id: 179

2017-03-01 11:17:16,269 - LogicCoreModule - INFO - Send the message to client Already.

2017-03-01 11:17:20,822 - HTTPServer - INFO - Received post request from host: 10.25.1.39.

2017-03-01 11:17:21,418 - Store - INFO - Message has been inserted into db successfully, id: 180

2017-03-01 11:17:21,420 - LogicCoreModule - INFO - Send the message to client Already.

2017-03-01 11:17:23,290 - HTTPServer - INFO - Received post request from host: 10.25.1.39.

2017-03-01 11:17:23,867 - Store - INFO - Message has been inserted into db successfully, id: 181

2017-03-01 11:17:23,868 - LogicCoreModule - INFO - Send the message to client Already.

2017-03-01 11:17:28,897 - HTTPServer - INFO - Received post request from host: 10.25.1.39.

2017-03-01 11:17:29,459 - Store - INFO - Message has been inserted into db successfully, id: 182

2017-03-01 11:17:29,460 - LogicCoreModule - INFO - Send the message to client Already.

2017-03-01 11:17:31,792 - HTTPServer - INFO - Received post request from host: 10.25.1.39.

2017-03-01 11:17:32,364 - Store - INFO - Message has been inserted into db successfully, id: 183

2017-03-01 11:17:32,365 - LogicCoreModule - INFO - Send the message to client Already.

2017-03-01 11:17:38,357 - HTTPServer - INFO - Received post request from host: 10.25.1.39.

2017-03-01 11:17:38,910 - Store - INFO - Message has been inserted into db successfully, id: 184

2017-03-01 11:17:38,911 - LogicCoreModule - INFO - Send the message to client Already.

2017-03-01 11:17:44,273 - HTTPServer - INFO - Received post request from host: 10.25.1.39.

2017-03-01 11:17:44,924 - Store - INFO - Message has been inserted into db successfully, id: 185

2017-03-01 11:17:44,926 - LogicCoreModule - INFO - Send the message to client Already.

2017-03-01 11:17:46,898 - HTTPServer - INFO - Received post request from host: 10.25.1.39.

2017-03-01 11:17:47,411 - Store - INFO - Message has been inserted into db successfully, id: 186

2017-03-01 11:17:47,413 - LogicCoreModule - INFO - Send the message to client Already.

2017-03-01 11:17:51,594 - HTTPServer - INFO - Received post request from host: 10.25.1.39.

2017-03-01 11:17:52,161 - Store - INFO - Message has been inserted into db successfully, id: 187

2017-03-01 11:17:52,163 - LogicCoreModule - INFO - Send the message to client Already.

2017-03-01 11:17:55,068 - HTTPServer - INFO - Received post request from host: 10.25.1.39.

2017-03-01 11:17:55,637 - Store - INFO - Message has been inserted into db successfully, id: 188

2017-03-01 11:17:55,638 - LogicCoreModule - INFO - Send the message to client Already.

2017-03-01 11:17:59,177 - HTTPServer - INFO - Received post request from host: 10.25.1.39.

2017-03-01 11:17:59,766 - Store - INFO - Message has been inserted into db successfully, id: 189

2017-03-01 11:17:59,766 - LogicCoreModule - INFO - Send the message to client Already.

2017-03-01 11:18:00,160 - HTTPServer - INFO - Received post request from host: 10.25.1.39.

2017-03-01 11:18:00,711 - Store - INFO - Message has been inserted into db successfully, id: 190

2017-03-01 11:18:00,713 - LogicCoreModule - INFO - Send the message to client Already.

2017-03-01 11:18:02,903 - HTTPServer - INFO - Received post request from host: 10.25.1.39.

2017-03-01 11:18:03,372 - Store - INFO - Message has been inserted into db successfully, id: 191

2017-03-01 11:18:03,374 - LogicCoreModule - INFO - Send the message to client Already.

2017-03-01 11:18:05,473 - HTTPServer - INFO - Received post request from host: 10.25.1.39.

2017-03-01 11:18:06,009 - Store - INFO - Message has been inserted into db successfully, id: 192

2017-03-01 11:18:06,009 - LogicCoreModule - INFO - Send the message to client Already.

2017-03-01 11:18:10,250 - HTTPServer - INFO - Received post request from host: 10.25.1.39.

2017-03-01 11:18:11,056 - Store - INFO - Message has been inserted into db successfully, id: 193

2017-03-01 11:18:11,059 - LogicCoreModule - INFO - Send the message to client Already.

2017-03-01 11:18:12,394 - HTTPServer - INFO - Received post request from host: 10.25.1.39.

2017-03-01 11:18:12,950 - Store - INFO - Message has been inserted into db successfully, id: 194

2017-03-01 11:18:12,951 - LogicCoreModule - INFO - Send the message to client Already.

2017-03-01 11:18:14,944 - HTTPServer - INFO - Received post request from host: 10.25.1.39.

2017-03-01 11:18:15,496 - Store - INFO - Message has been inserted into db successfully, id: 195

2017-03-01 11:18:15,496 - LogicCoreModule - INFO - Send the message to client Already.

2017-03-01 11:18:16,844 - HTTPServer - INFO - Received post request from host: 10.25.1.39.

2017-03-01 11:18:17,332 - Store - INFO - Message has been inserted into db successfully, id: 196

2017-03-01 11:18:17,334 - LogicCoreModule - INFO - Send the message to client Already.

2017-03-01 11:21:53,256 - TCPServerPack - INFO - Client 10.25.1.38:4185 disconnected.

